[31m[1mтип[22m[39m Failed to start server
Error: listen EADDRINUSE: address already in use :::3002
    at <unknown> (Error: listen EADDRINUSE: address already in use :::3002)
    at new Promise (<anonymous>) {
  code: 'EADDRINUSE',
  errno: -4091,
  syscall: 'listen',
  address: '::',
  port: 3002
}
[31m[1mтип[22m[39m Failed to start server
Error: listen EADDRINUSE: address already in use :::3002
    at <unknown> (Error: listen EADDRINUSE: address already in use :::3002)
    at new Promise (<anonymous>) {
  code: 'EADDRINUSE',
  errno: -4091,
  syscall: 'listen',
  address: '::',
  port: 3002
}
[31m[1mтип[22m[39m Failed to start server
Error: listen EADDRINUSE: address already in use :::3002
    at <unknown> (Error: listen EADDRINUSE: address already in use :::3002)
    at new Promise (<anonymous>) {
  code: 'EADDRINUSE',
  errno: -4091,
  syscall: 'listen',
  address: '::',
  port: 3002
}
[31m[1mтип[22m[39m Failed to start server
Error: listen EADDRINUSE: address already in use :::3002
    at <unknown> (Error: listen EADDRINUSE: address already in use :::3002)
    at new Promise (<anonymous>) {
  code: 'EADDRINUSE',
  errno: -4091,
  syscall: 'listen',
  address: '::',
  port: 3002
}
[31m[1mтип[22m[39m Failed to start server
Error: listen EADDRINUSE: address already in use :::3002
    at <unknown> (Error: listen EADDRINUSE: address already in use :::3002)
    at new Promise (<anonymous>) {
  code: 'EADDRINUSE',
  errno: -4091,
  syscall: 'listen',
  address: '::',
  port: 3002
}
[31m[1mтип[22m[39m Failed to start server
Error: listen EADDRINUSE: address already in use :::3002
    at <unknown> (Error: listen EADDRINUSE: address already in use :::3002)
    at new Promise (<anonymous>) {
  code: 'EADDRINUSE',
  errno: -4091,
  syscall: 'listen',
  address: '::',
  port: 3002
}
[31m[1mтип[22m[39m Failed to start server
Error: listen EADDRINUSE: address already in use :::3002
    at <unknown> (Error: listen EADDRINUSE: address already in use :::3002)
    at new Promise (<anonymous>) {
  code: 'EADDRINUSE',
  errno: -4091,
  syscall: 'listen',
  address: '::',
  port: 3002
}
